<?xml version="1.0" encoding="UTF-8"?>
<!-- Generated by org.testng.reporters.JUnitReportReporter -->
<testsuite hostname="LTIN273654" failures="0" tests="5" name="testCases.TestCases" time="74.502" errors="0" timestamp="2024-02-22T12:43:28 IST" skipped="0">
  <testcase classname="testCases.TestCases" name="profileValidation" time="30.669"/>
  <system-out/>
  <testcase classname="testCases.TestCases" name="openOneCognizant" time="5.899"/>
  <system-out/>
  <testcase classname="testCases.TestCases" name="validateGSDpage" time="22.204"/>
  <system-out/>
  <testcase classname="testCases.TestCases" name="selectLanguage" time="0.517"/>
  <system-out/>
  <testcase classname="testCases.TestCases" name="selectCountryAndQueries" time="15.213"/>
  <system-out/>
</testsuite> <!-- testCases.TestCases -->
